Using pre-set license
Built from '2020.3/release' branch; Version is '2020.3.2f1 (8fd9074bf66c) revision 9427207'; Using compiler version '192528614'; Build Type 'Release'
OS: 'Windows 10 Education; OS build 19042.1052; Version 2009; 64bit' Language: 'en' Physical Memory: 16348 MB
BatchMode: 1, IsHumanControllingUs: 0, StartBugReporterOnCrash: 0, Is64bit: 1, IsPro: 0

 COMMAND LINE ARGUMENTS:
D:\Programs\Unity\2020.3.2f1\Editor\Unity.exe
-adb2
-batchMode
-noUpm
-name
AssetImportWorker0
-projectPath
D:/Unity Projects/senior project
-logFile
Logs/AssetImportWorker0.log
-srvPort
61330
Successfully changed project path to: D:/Unity Projects/senior project
D:/Unity Projects/senior project
Using Asset Import Pipeline V2.
Refreshing native plugins compatible for Editor in 56.85 ms, found 1 plugins.
Preloading 0 native plugins for Editor in 0.00 ms.
Initialize engine version: 2020.3.2f1 (8fd9074bf66c)
[Subsystems] Discovering subsystems at path D:/Programs/Unity/2020.3.2f1/Editor/Data/Resources/UnitySubsystems
[Subsystems] Discovering subsystems at path D:/Unity Projects/senior project/Assets
GfxDevice: creating device client; threaded=0
Direct3D:
    Version:  Direct3D 11.0 [level 11.1]
    Renderer: NVIDIA GeForce GTX 1060 6GB (ID=0x1c03)
    Vendor:   
    VRAM:     6052 MB
    Driver:   30.0.14.7111
Initialize mono
Mono path[0] = 'D:/Programs/Unity/2020.3.2f1/Editor/Data/Managed'
Mono path[1] = 'D:/Programs/Unity/2020.3.2f1/Editor/Data/MonoBleedingEdge/lib/mono/unityjit'
Mono config path = 'D:/Programs/Unity/2020.3.2f1/Editor/Data/MonoBleedingEdge/etc'
Using monoOptions --debugger-agent=transport=dt_socket,embedding=1,server=y,suspend=n,address=127.0.0.1:56120
Begin MonoManager ReloadAssembly
Registering precompiled unity dll's ...
Register platform support module: D:/Programs/Unity/2020.3.2f1/Editor/Data/PlaybackEngines/WebGLSupport/UnityEditor.WebGL.Extensions.dll
Register platform support module: D:/Programs/Unity/2020.3.2f1/Editor/Data/PlaybackEngines/MacStandaloneSupport/UnityEditor.OSXStandalone.Extensions.dll
Register platform support module: D:/Programs/Unity/2020.3.2f1/Editor/Data/PlaybackEngines/WindowsStandaloneSupport/UnityEditor.WindowsStandalone.Extensions.dll
Register platform support module: D:/Programs/Unity/2020.3.2f1/Editor/Data/PlaybackEngines/LinuxStandaloneSupport/UnityEditor.LinuxStandalone.Extensions.dll
Register platform support module: D:/Programs/Unity/2020.3.2f1/Editor/Data/PlaybackEngines/LuminSupport/UnityEditor.Lumin.Extensions.dll
Registered in 0.001941 seconds.
Native extension for Lumin target not found
Native extension for LinuxStandalone target not found
Native extension for WindowsStandalone target not found
Native extension for OSXStandalone target not found
Native extension for WebGL target not found
Refreshing native plugins compatible for Editor in 57.12 ms, found 1 plugins.
Preloading 0 native plugins for Editor in 0.00 ms.
Invoked RoslynAnalysisRunner static constructor.
RoslynAnalysisRunner will not be running.
RoslynAnalysisRunner has terminated.
Mono: successfully reloaded assembly
- Completed reload, in  1.188 seconds
Platform modules already initialized, skipping
Registering precompiled user dll's ...
Registered in 0.001368 seconds.
Begin MonoManager ReloadAssembly
Native extension for Lumin target not found
Native extension for LinuxStandalone target not found
Native extension for WindowsStandalone target not found
Native extension for OSXStandalone target not found
Native extension for WebGL target not found
Refreshing native plugins compatible for Editor in 50.83 ms, found 1 plugins.
Preloading 0 native plugins for Editor in 0.00 ms.
Invoked RoslynAnalysisRunner static constructor.
RoslynAnalysisRunner will not be running.
RoslynAnalysisRunner has terminated.
Mono: successfully reloaded assembly
- Completed reload, in  1.126 seconds
Platform modules already initialized, skipping
========================================================================
Worker process is ready to serve import requests
Launched and connected shader compiler UnityShaderCompiler.exe after 0.08 seconds
Refreshing native plugins compatible for Editor in 0.44 ms, found 1 plugins.
Preloading 0 native plugins for Editor in 0.00 ms.
Unloading 2181 Unused Serialized files (Serialized files now loaded: 0)
System memory in use before: 99.8 MB.
System memory in use after: 99.8 MB.

Unloading 26 unused Assets to reduce memory usage. Loaded Objects now: 2625.
Total: 2.624400 ms (FindLiveObjects: 0.209800 ms CreateObjectMapping: 0.427400 ms MarkObjects: 1.824500 ms  DeleteObjects: 0.161800 ms)

========================================================================
Received Import Request.
  path: Assets/Prefabs/Enemy/Enemy_modified 1.prefab
  artifactKey: Guid(aa69bfb67fae4a147bef6cdaec52f159) Importer(815301076,1909f56bfc062723c751e8b465ee728b)
Start importing Assets/Prefabs/Enemy/Enemy_modified 1.prefab using Guid(aa69bfb67fae4a147bef6cdaec52f159) Importer(815301076,1909f56bfc062723c751e8b465ee728b)  -> (artifact id: '8ef11a97e393fb87bea9066fa4df7462') in 0.267473 seconds
  Import took 0.285001 seconds .

========================================================================
Received Import Request.
  Time since last request: 3.266181 seconds.
  path: Assets/Prefabs/UI/Canvas.prefab
  artifactKey: Guid(62e46805040bb494d951160f43208e2f) Importer(815301076,1909f56bfc062723c751e8b465ee728b)
Start importing Assets/Prefabs/UI/Canvas.prefab using Guid(62e46805040bb494d951160f43208e2f) Importer(815301076,1909f56bfc062723c751e8b465ee728b)  -> (artifact id: '62c2480b1ab0ac2d52de6f6403b599f9') in 0.101356 seconds
  Import took 0.112467 seconds .

========================================================================
Received Import Request.
  Time since last request: 33.078908 seconds.
  path: Assets/Prefabs/UI/Canvas.prefab
  artifactKey: Guid(62e46805040bb494d951160f43208e2f) Importer(815301076,1909f56bfc062723c751e8b465ee728b)
Start importing Assets/Prefabs/UI/Canvas.prefab using Guid(62e46805040bb494d951160f43208e2f) Importer(815301076,1909f56bfc062723c751e8b465ee728b)  -> (artifact id: '6154c4991e7b62c38845df43613c42b2') in 0.030064 seconds
  Import took 0.038778 seconds .

========================================================================
Received Import Request.
  Time since last request: 10.091509 seconds.
  path: Assets/Prefabs/UI/Canvas.prefab
  artifactKey: Guid(62e46805040bb494d951160f43208e2f) Importer(815301076,1909f56bfc062723c751e8b465ee728b)
Start importing Assets/Prefabs/UI/Canvas.prefab using Guid(62e46805040bb494d951160f43208e2f) Importer(815301076,1909f56bfc062723c751e8b465ee728b)  -> (artifact id: '41259821fd1674766697a68eab13270c') in 0.028122 seconds
  Import took 0.054200 seconds .

========================================================================
Received Import Request.
  Time since last request: 2.029272 seconds.
  path: Assets/Prefabs/UI/Canvas.prefab
  artifactKey: Guid(62e46805040bb494d951160f43208e2f) Importer(815301076,1909f56bfc062723c751e8b465ee728b)
Start importing Assets/Prefabs/UI/Canvas.prefab using Guid(62e46805040bb494d951160f43208e2f) Importer(815301076,1909f56bfc062723c751e8b465ee728b)  -> (artifact id: 'fccc4097f8d4d3948c1ca7522abc097d') in 0.033604 seconds
  Import took 0.061442 seconds .

========================================================================
Received Import Request.
  Time since last request: 2.217834 seconds.
  path: Assets/Prefabs/UI/Canvas.prefab
  artifactKey: Guid(62e46805040bb494d951160f43208e2f) Importer(815301076,1909f56bfc062723c751e8b465ee728b)
Start importing Assets/Prefabs/UI/Canvas.prefab using Guid(62e46805040bb494d951160f43208e2f) Importer(815301076,1909f56bfc062723c751e8b465ee728b)  -> (artifact id: '0564e89003cade62f62c62f9b5e6ff3f') in 0.028379 seconds
  Import took 0.048491 seconds .

========================================================================
Received Import Request.
  Time since last request: 8.867223 seconds.
  path: Assets/Prefabs/UI/Canvas.prefab
  artifactKey: Guid(62e46805040bb494d951160f43208e2f) Importer(815301076,1909f56bfc062723c751e8b465ee728b)
Start importing Assets/Prefabs/UI/Canvas.prefab using Guid(62e46805040bb494d951160f43208e2f) Importer(815301076,1909f56bfc062723c751e8b465ee728b)  -> (artifact id: '329dde5db3ee28bbb376439a390564db') in 0.028879 seconds
  Import took 0.047905 seconds .

========================================================================
Received Import Request.
  Time since last request: 4.239682 seconds.
  path: Assets/Prefabs/UI/Canvas.prefab
  artifactKey: Guid(62e46805040bb494d951160f43208e2f) Importer(815301076,1909f56bfc062723c751e8b465ee728b)
Start importing Assets/Prefabs/UI/Canvas.prefab using Guid(62e46805040bb494d951160f43208e2f) Importer(815301076,1909f56bfc062723c751e8b465ee728b)  -> (artifact id: '330c474831ab2c068c005adb25a0f15b') in 0.027221 seconds
  Import took 0.034828 seconds .

========================================================================
Received Import Request.
  Time since last request: 0.782980 seconds.
  path: Assets/Prefabs/UI/Canvas.prefab
  artifactKey: Guid(62e46805040bb494d951160f43208e2f) Importer(815301076,1909f56bfc062723c751e8b465ee728b)
Start importing Assets/Prefabs/UI/Canvas.prefab using Guid(62e46805040bb494d951160f43208e2f) Importer(815301076,1909f56bfc062723c751e8b465ee728b)  -> (artifact id: '14560205a2b9670bdbe3cbf02579f38f') in 0.033194 seconds
  Import took 0.052852 seconds .

========================================================================
Received Import Request.
  Time since last request: 8.469056 seconds.
  path: Assets/Prefabs/UI/Canvas.prefab
  artifactKey: Guid(62e46805040bb494d951160f43208e2f) Importer(815301076,1909f56bfc062723c751e8b465ee728b)
Start importing Assets/Prefabs/UI/Canvas.prefab using Guid(62e46805040bb494d951160f43208e2f) Importer(815301076,1909f56bfc062723c751e8b465ee728b)  -> (artifact id: 'cb14fb1b3866fc7ee32da77939cb5503') in 0.029243 seconds
  Import took 0.039514 seconds .

========================================================================
Received Import Request.
  Time since last request: 2.366184 seconds.
  path: Assets/Prefabs/UI/Canvas.prefab
  artifactKey: Guid(62e46805040bb494d951160f43208e2f) Importer(815301076,1909f56bfc062723c751e8b465ee728b)
Start importing Assets/Prefabs/UI/Canvas.prefab using Guid(62e46805040bb494d951160f43208e2f) Importer(815301076,1909f56bfc062723c751e8b465ee728b)  -> (artifact id: 'd2e1b51be379db0adc8a356b97424a89') in 0.042075 seconds
  Import took 0.049281 seconds .

========================================================================
Received Import Request.
  Time since last request: 2.399198 seconds.
  path: Assets/Prefabs/UI/Canvas.prefab
  artifactKey: Guid(62e46805040bb494d951160f43208e2f) Importer(815301076,1909f56bfc062723c751e8b465ee728b)
Start importing Assets/Prefabs/UI/Canvas.prefab using Guid(62e46805040bb494d951160f43208e2f) Importer(815301076,1909f56bfc062723c751e8b465ee728b)  -> (artifact id: '95f9c70e2cc4c2070bf4f2e3c9495898') in 0.027873 seconds
  Import took 0.040621 seconds .

========================================================================
Received Import Request.
  Time since last request: 1.833064 seconds.
  path: Assets/Prefabs/UI/Canvas.prefab
  artifactKey: Guid(62e46805040bb494d951160f43208e2f) Importer(815301076,1909f56bfc062723c751e8b465ee728b)
Start importing Assets/Prefabs/UI/Canvas.prefab using Guid(62e46805040bb494d951160f43208e2f) Importer(815301076,1909f56bfc062723c751e8b465ee728b)  -> (artifact id: '11c4c8ec7d574bc2aaf2b35f8edc6dd3') in 0.032307 seconds
  Import took 0.045928 seconds .

========================================================================
Received Import Request.
  Time since last request: 3.991919 seconds.
  path: Assets/Prefabs/UI/Canvas.prefab
  artifactKey: Guid(62e46805040bb494d951160f43208e2f) Importer(815301076,1909f56bfc062723c751e8b465ee728b)
Start importing Assets/Prefabs/UI/Canvas.prefab using Guid(62e46805040bb494d951160f43208e2f) Importer(815301076,1909f56bfc062723c751e8b465ee728b)  -> (artifact id: '0ebd52d7003938d1b463da65a6b4d774') in 0.091037 seconds
  Import took 0.100867 seconds .

========================================================================
Received Import Request.
  Time since last request: 5.970640 seconds.
  path: Assets/Prefabs/UI/Canvas.prefab
  artifactKey: Guid(62e46805040bb494d951160f43208e2f) Importer(815301076,1909f56bfc062723c751e8b465ee728b)
Start importing Assets/Prefabs/UI/Canvas.prefab using Guid(62e46805040bb494d951160f43208e2f) Importer(815301076,1909f56bfc062723c751e8b465ee728b)  -> (artifact id: '5b11b21a28502a841d575d6e3d79f8de') in 0.028487 seconds
  Import took 0.047737 seconds .

========================================================================
Received Import Request.
  Time since last request: 5.599165 seconds.
  path: Assets/Prefabs/UI/Canvas.prefab
  artifactKey: Guid(62e46805040bb494d951160f43208e2f) Importer(815301076,1909f56bfc062723c751e8b465ee728b)
Start importing Assets/Prefabs/UI/Canvas.prefab using Guid(62e46805040bb494d951160f43208e2f) Importer(815301076,1909f56bfc062723c751e8b465ee728b)  -> (artifact id: 'aa06a450a2ed0938a2958731ae1e64a5') in 0.030427 seconds
  Import took 0.043957 seconds .

========================================================================
Received Import Request.
  Time since last request: 1.982865 seconds.
  path: Assets/Prefabs/UI/Canvas.prefab
  artifactKey: Guid(62e46805040bb494d951160f43208e2f) Importer(815301076,1909f56bfc062723c751e8b465ee728b)
Start importing Assets/Prefabs/UI/Canvas.prefab using Guid(62e46805040bb494d951160f43208e2f) Importer(815301076,1909f56bfc062723c751e8b465ee728b)  -> (artifact id: 'fb54ddad641d2da0f986384aa14ce1d3') in 0.030656 seconds
  Import took 0.040645 seconds .

========================================================================
Received Import Request.
  Time since last request: 2.095063 seconds.
  path: Assets/Prefabs/UI/Canvas.prefab
  artifactKey: Guid(62e46805040bb494d951160f43208e2f) Importer(815301076,1909f56bfc062723c751e8b465ee728b)
Start importing Assets/Prefabs/UI/Canvas.prefab using Guid(62e46805040bb494d951160f43208e2f) Importer(815301076,1909f56bfc062723c751e8b465ee728b)  -> (artifact id: '602eba83de9fd52aadce7260fe7a75a5') in 0.027867 seconds
  Import took 0.045058 seconds .

========================================================================
Received Import Request.
  Time since last request: 4.323674 seconds.
  path: Assets/Prefabs/UI/Canvas.prefab
  artifactKey: Guid(62e46805040bb494d951160f43208e2f) Importer(815301076,1909f56bfc062723c751e8b465ee728b)
Start importing Assets/Prefabs/UI/Canvas.prefab using Guid(62e46805040bb494d951160f43208e2f) Importer(815301076,1909f56bfc062723c751e8b465ee728b)  -> (artifact id: '0fdb5993c429c237673e6cb01050eba1') in 0.035650 seconds
  Import took 0.055433 seconds .

========================================================================
Received Import Request.
  Time since last request: 6.732668 seconds.
  path: Assets/Prefabs/UI/Canvas.prefab
  artifactKey: Guid(62e46805040bb494d951160f43208e2f) Importer(815301076,1909f56bfc062723c751e8b465ee728b)
Start importing Assets/Prefabs/UI/Canvas.prefab using Guid(62e46805040bb494d951160f43208e2f) Importer(815301076,1909f56bfc062723c751e8b465ee728b)  -> (artifact id: 'a0b1a75389469f3cbabe5eff0d35afa8') in 0.036177 seconds
  Import took 0.051419 seconds .

========================================================================
Received Import Request.
  Time since last request: 4.192831 seconds.
  path: Assets/Prefabs/UI/Canvas.prefab
  artifactKey: Guid(62e46805040bb494d951160f43208e2f) Importer(815301076,1909f56bfc062723c751e8b465ee728b)
Start importing Assets/Prefabs/UI/Canvas.prefab using Guid(62e46805040bb494d951160f43208e2f) Importer(815301076,1909f56bfc062723c751e8b465ee728b)  -> (artifact id: '4b377b6cd254f21f938a4d7c9a2877a5') in 0.038493 seconds
  Import took 0.045980 seconds .

========================================================================
Received Import Request.
  Time since last request: 0.845670 seconds.
  path: Assets/Prefabs/UI/Canvas.prefab
  artifactKey: Guid(62e46805040bb494d951160f43208e2f) Importer(815301076,1909f56bfc062723c751e8b465ee728b)
Start importing Assets/Prefabs/UI/Canvas.prefab using Guid(62e46805040bb494d951160f43208e2f) Importer(815301076,1909f56bfc062723c751e8b465ee728b)  -> (artifact id: '7d2a28ba101a83d85676bb1e3a895715') in 0.032293 seconds
  Import took 0.046998 seconds .

========================================================================
Received Import Request.
  Time since last request: 7.623689 seconds.
  path: Assets/Prefabs/UI/Canvas.prefab
  artifactKey: Guid(62e46805040bb494d951160f43208e2f) Importer(815301076,1909f56bfc062723c751e8b465ee728b)
Start importing Assets/Prefabs/UI/Canvas.prefab using Guid(62e46805040bb494d951160f43208e2f) Importer(815301076,1909f56bfc062723c751e8b465ee728b)  -> (artifact id: 'cbd80801f7b02a0525150f627bcc3e78') in 0.029597 seconds
  Import took 0.035505 seconds .

========================================================================
Received Import Request.
  Time since last request: 1.769797 seconds.
  path: Assets/Prefabs/UI/Canvas.prefab
  artifactKey: Guid(62e46805040bb494d951160f43208e2f) Importer(815301076,1909f56bfc062723c751e8b465ee728b)
Start importing Assets/Prefabs/UI/Canvas.prefab using Guid(62e46805040bb494d951160f43208e2f) Importer(815301076,1909f56bfc062723c751e8b465ee728b)  -> (artifact id: '9c7ba91765c388adfdc144a822919d90') in 0.025614 seconds
  Import took 0.037006 seconds .

========================================================================
Received Prepare
Registering precompiled user dll's ...
Registered in 0.002403 seconds.
Begin MonoManager ReloadAssembly
Native extension for Lumin target not found
Native extension for LinuxStandalone target not found
Native extension for WindowsStandalone target not found
Native extension for OSXStandalone target not found
Native extension for WebGL target not found
Refreshing native plugins compatible for Editor in 0.87 ms, found 1 plugins.
Preloading 0 native plugins for Editor in 0.00 ms.
Invoked RoslynAnalysisRunner static constructor.
RoslynAnalysisRunner will not be running.
RoslynAnalysisRunner has terminated.
Mono: successfully reloaded assembly
- Completed reload, in  1.565 seconds
Platform modules already initialized, skipping
Refreshing native plugins compatible for Editor in 0.49 ms, found 1 plugins.
Preloading 0 native plugins for Editor in 0.00 ms.
Unloading 2157 Unused Serialized files (Serialized files now loaded: 0)
System memory in use before: 101.0 MB.
System memory in use after: 101.0 MB.

Unloading 15 unused Assets to reduce memory usage. Loaded Objects now: 2636.
Total: 5.162300 ms (FindLiveObjects: 0.481900 ms CreateObjectMapping: 0.151500 ms MarkObjects: 4.292800 ms  DeleteObjects: 0.234200 ms)

========================================================================
Received Prepare
Registering precompiled user dll's ...
Registered in 0.001551 seconds.
Begin MonoManager ReloadAssembly
Native extension for Lumin target not found
Native extension for LinuxStandalone target not found
Native extension for WindowsStandalone target not found
Native extension for OSXStandalone target not found
Native extension for WebGL target not found
Refreshing native plugins compatible for Editor in 0.50 ms, found 1 plugins.
Preloading 0 native plugins for Editor in 0.00 ms.
Invoked RoslynAnalysisRunner static constructor.
RoslynAnalysisRunner will not be running.
RoslynAnalysisRunner has terminated.
Mono: successfully reloaded assembly
- Completed reload, in  1.163 seconds
Platform modules already initialized, skipping
Refreshing native plugins compatible for Editor in 0.43 ms, found 1 plugins.
Preloading 0 native plugins for Editor in 0.00 ms.
Unloading 2157 Unused Serialized files (Serialized files now loaded: 0)
System memory in use before: 101.1 MB.
System memory in use after: 101.1 MB.

Unloading 14 unused Assets to reduce memory usage. Loaded Objects now: 2640.
Total: 2.835800 ms (FindLiveObjects: 0.217900 ms CreateObjectMapping: 0.100200 ms MarkObjects: 2.392900 ms  DeleteObjects: 0.123100 ms)

========================================================================
Received Import Request.
  Time since last request: 286.927477 seconds.
  path: Assets/Prefabs/Portal/Portal.prefab
  artifactKey: Guid(fec4cd9d1ceecb34aaf7ea2de301b12e) Importer(815301076,1909f56bfc062723c751e8b465ee728b)
Start importing Assets/Prefabs/Portal/Portal.prefab using Guid(fec4cd9d1ceecb34aaf7ea2de301b12e) Importer(815301076,1909f56bfc062723c751e8b465ee728b)  -> (artifact id: '966ff160bbcf0e3687cc94f6ef1b71cb') in 0.137127 seconds
  Import took 0.156761 seconds .

========================================================================
Received Import Request.
  Time since last request: 0.011989 seconds.
  path: Assets/Prefabs/Portal/Portal.prefab
  artifactKey: Guid(fec4cd9d1ceecb34aaf7ea2de301b12e) Importer(815301076,1909f56bfc062723c751e8b465ee728b)
Start importing Assets/Prefabs/Portal/Portal.prefab using Guid(fec4cd9d1ceecb34aaf7ea2de301b12e) Importer(815301076,1909f56bfc062723c751e8b465ee728b)  -> (artifact id: '966ff160bbcf0e3687cc94f6ef1b71cb') in 0.012851 seconds
  Import took 0.020454 seconds .

========================================================================
Received Prepare
Registering precompiled user dll's ...
Registered in 0.001166 seconds.
Begin MonoManager ReloadAssembly
Native extension for Lumin target not found
Native extension for LinuxStandalone target not found
Native extension for WindowsStandalone target not found
Native extension for OSXStandalone target not found
Native extension for WebGL target not found
Refreshing native plugins compatible for Editor in 0.50 ms, found 1 plugins.
Preloading 0 native plugins for Editor in 0.00 ms.
Invoked RoslynAnalysisRunner static constructor.
RoslynAnalysisRunner will not be running.
RoslynAnalysisRunner has terminated.
Mono: successfully reloaded assembly
- Completed reload, in  1.131 seconds
Platform modules already initialized, skipping
Refreshing native plugins compatible for Editor in 0.48 ms, found 1 plugins.
Preloading 0 native plugins for Editor in 0.00 ms.
Unloading 2157 Unused Serialized files (Serialized files now loaded: 0)
System memory in use before: 101.1 MB.
System memory in use after: 101.1 MB.

Unloading 14 unused Assets to reduce memory usage. Loaded Objects now: 2645.
Total: 2.879100 ms (FindLiveObjects: 0.220600 ms CreateObjectMapping: 0.093900 ms MarkObjects: 2.346700 ms  DeleteObjects: 0.216300 ms)

========================================================================
Received Import Request.
  Time since last request: 95.532134 seconds.
  path: Assets/Prefabs/Portal/Portal.prefab
  artifactKey: Guid(fec4cd9d1ceecb34aaf7ea2de301b12e) Importer(815301076,1909f56bfc062723c751e8b465ee728b)
Start importing Assets/Prefabs/Portal/Portal.prefab using Guid(fec4cd9d1ceecb34aaf7ea2de301b12e) Importer(815301076,1909f56bfc062723c751e8b465ee728b)  -> (artifact id: 'e0427ed5e94199b70d12d37bb582b731') in 0.082883 seconds
  Import took 0.099852 seconds .

========================================================================
Received Prepare
Registering precompiled user dll's ...
Registered in 0.001130 seconds.
Begin MonoManager ReloadAssembly
Native extension for Lumin target not found
Native extension for LinuxStandalone target not found
Native extension for WindowsStandalone target not found
Native extension for OSXStandalone target not found
Native extension for WebGL target not found
Refreshing native plugins compatible for Editor in 0.79 ms, found 1 plugins.
Preloading 0 native plugins for Editor in 0.00 ms.
Invoked RoslynAnalysisRunner static constructor.
RoslynAnalysisRunner will not be running.
RoslynAnalysisRunner has terminated.
Mono: successfully reloaded assembly
- Completed reload, in  0.957 seconds
Platform modules already initialized, skipping
Refreshing native plugins compatible for Editor in 0.44 ms, found 1 plugins.
Preloading 0 native plugins for Editor in 0.00 ms.
Unloading 2157 Unused Serialized files (Serialized files now loaded: 0)
System memory in use before: 101.1 MB.
System memory in use after: 101.1 MB.

Unloading 14 unused Assets to reduce memory usage. Loaded Objects now: 2650.
Total: 3.150500 ms (FindLiveObjects: 0.278800 ms CreateObjectMapping: 0.174900 ms MarkObjects: 2.557500 ms  DeleteObjects: 0.137400 ms)

========================================================================
Received Prepare
Registering precompiled user dll's ...
Registered in 0.001812 seconds.
Begin MonoManager ReloadAssembly
Native extension for Lumin target not found
Native extension for LinuxStandalone target not found
Native extension for WindowsStandalone target not found
Native extension for OSXStandalone target not found
Native extension for WebGL target not found
Refreshing native plugins compatible for Editor in 0.71 ms, found 1 plugins.
Preloading 0 native plugins for Editor in 0.00 ms.
Invoked RoslynAnalysisRunner static constructor.
RoslynAnalysisRunner will not be running.
RoslynAnalysisRunner has terminated.
Mono: successfully reloaded assembly
- Completed reload, in  1.578 seconds
Platform modules already initialized, skipping
Refreshing native plugins compatible for Editor in 0.46 ms, found 1 plugins.
Preloading 0 native plugins for Editor in 0.00 ms.
Unloading 2157 Unused Serialized files (Serialized files now loaded: 0)
System memory in use before: 101.1 MB.
System memory in use after: 101.1 MB.

Unloading 14 unused Assets to reduce memory usage. Loaded Objects now: 2654.
Total: 3.174100 ms (FindLiveObjects: 0.206900 ms CreateObjectMapping: 0.110500 ms MarkObjects: 2.735800 ms  DeleteObjects: 0.119500 ms)

========================================================================
Received Prepare
Registering precompiled user dll's ...
Registered in 0.001333 seconds.
Begin MonoManager ReloadAssembly
Native extension for Lumin target not found
Native extension for LinuxStandalone target not found
Native extension for WindowsStandalone target not found
Native extension for OSXStandalone target not found
Native extension for WebGL target not found
Refreshing native plugins compatible for Editor in 0.55 ms, found 1 plugins.
Preloading 0 native plugins for Editor in 0.00 ms.
Invoked RoslynAnalysisRunner static constructor.
RoslynAnalysisRunner will not be running.
RoslynAnalysisRunner has terminated.
Mono: successfully reloaded assembly
- Completed reload, in  1.177 seconds
Platform modules already initialized, skipping
Refreshing native plugins compatible for Editor in 0.50 ms, found 1 plugins.
Preloading 0 native plugins for Editor in 0.00 ms.
Unloading 2157 Unused Serialized files (Serialized files now loaded: 0)
System memory in use before: 101.1 MB.
System memory in use after: 101.1 MB.

Unloading 14 unused Assets to reduce memory usage. Loaded Objects now: 2658.
Total: 3.209800 ms (FindLiveObjects: 0.210600 ms CreateObjectMapping: 0.100500 ms MarkObjects: 2.770200 ms  DeleteObjects: 0.127200 ms)

========================================================================
Received Prepare
Registering precompiled user dll's ...
Registered in 0.001831 seconds.
Begin MonoManager ReloadAssembly
Native extension for Lumin target not found
Native extension for LinuxStandalone target not found
Native extension for WindowsStandalone target not found
Native extension for OSXStandalone target not found
Native extension for WebGL target not found
Refreshing native plugins compatible for Editor in 0.51 ms, found 1 plugins.
Preloading 0 native plugins for Editor in 0.00 ms.
Invoked RoslynAnalysisRunner static constructor.
RoslynAnalysisRunner will not be running.
RoslynAnalysisRunner has terminated.
Mono: successfully reloaded assembly
- Completed reload, in  1.610 seconds
Platform modules already initialized, skipping
Refreshing native plugins compatible for Editor in 0.71 ms, found 1 plugins.
Preloading 0 native plugins for Editor in 0.00 ms.
Unloading 2157 Unused Serialized files (Serialized files now loaded: 0)
System memory in use before: 101.2 MB.
System memory in use after: 101.1 MB.

Unloading 14 unused Assets to reduce memory usage. Loaded Objects now: 2662.
Total: 4.099400 ms (FindLiveObjects: 0.353400 ms CreateObjectMapping: 0.222300 ms MarkObjects: 3.364500 ms  DeleteObjects: 0.157700 ms)

========================================================================
Received Prepare
Registering precompiled user dll's ...
Registered in 0.002482 seconds.
Begin MonoManager ReloadAssembly
Native extension for Lumin target not found
Native extension for LinuxStandalone target not found
Native extension for WindowsStandalone target not found
Native extension for OSXStandalone target not found
Native extension for WebGL target not found
Refreshing native plugins compatible for Editor in 0.82 ms, found 1 plugins.
Preloading 0 native plugins for Editor in 0.00 ms.
Invoked RoslynAnalysisRunner static constructor.
RoslynAnalysisRunner will not be running.
RoslynAnalysisRunner has terminated.
Mono: successfully reloaded assembly
- Completed reload, in  1.195 seconds
Platform modules already initialized, skipping
Refreshing native plugins compatible for Editor in 0.54 ms, found 1 plugins.
Preloading 0 native plugins for Editor in 0.00 ms.
Unloading 2157 Unused Serialized files (Serialized files now loaded: 0)
System memory in use before: 101.2 MB.
System memory in use after: 101.1 MB.

Unloading 14 unused Assets to reduce memory usage. Loaded Objects now: 2666.
Total: 3.801200 ms (FindLiveObjects: 0.257900 ms CreateObjectMapping: 0.108700 ms MarkObjects: 3.310600 ms  DeleteObjects: 0.122500 ms)

========================================================================
Received Prepare
Registering precompiled user dll's ...
Registered in 0.001731 seconds.
Begin MonoManager ReloadAssembly
Native extension for Lumin target not found
Native extension for LinuxStandalone target not found
Native extension for WindowsStandalone target not found
Native extension for OSXStandalone target not found
Native extension for WebGL target not found
Refreshing native plugins compatible for Editor in 0.45 ms, found 1 plugins.
Preloading 0 native plugins for Editor in 0.00 ms.
Invoked RoslynAnalysisRunner static constructor.
RoslynAnalysisRunner will not be running.
RoslynAnalysisRunner has terminated.
Mono: successfully reloaded assembly
- Completed reload, in  1.389 seconds
Platform modules already initialized, skipping
Refreshing native plugins compatible for Editor in 0.47 ms, found 1 plugins.
Preloading 0 native plugins for Editor in 0.00 ms.
Unloading 2157 Unused Serialized files (Serialized files now loaded: 0)
System memory in use before: 101.2 MB.
System memory in use after: 101.2 MB.

Unloading 14 unused Assets to reduce memory usage. Loaded Objects now: 2670.
Total: 3.134600 ms (FindLiveObjects: 0.446300 ms CreateObjectMapping: 0.288700 ms MarkObjects: 2.280800 ms  DeleteObjects: 0.117300 ms)

========================================================================
Received Prepare
Registering precompiled user dll's ...
Registered in 0.001148 seconds.
Begin MonoManager ReloadAssembly
Native extension for Lumin target not found
Native extension for LinuxStandalone target not found
Native extension for WindowsStandalone target not found
Native extension for OSXStandalone target not found
Native extension for WebGL target not found
Refreshing native plugins compatible for Editor in 0.47 ms, found 1 plugins.
Preloading 0 native plugins for Editor in 0.00 ms.
Invoked RoslynAnalysisRunner static constructor.
RoslynAnalysisRunner will not be running.
RoslynAnalysisRunner has terminated.
Mono: successfully reloaded assembly
- Completed reload, in  1.079 seconds
Platform modules already initialized, skipping
Refreshing native plugins compatible for Editor in 0.52 ms, found 1 plugins.
Preloading 0 native plugins for Editor in 0.00 ms.
Unloading 2157 Unused Serialized files (Serialized files now loaded: 0)
System memory in use before: 101.2 MB.
System memory in use after: 101.2 MB.

Unloading 14 unused Assets to reduce memory usage. Loaded Objects now: 2674.
Total: 2.471800 ms (FindLiveObjects: 0.228100 ms CreateObjectMapping: 0.117400 ms MarkObjects: 1.993800 ms  DeleteObjects: 0.130400 ms)

========================================================================
Received Prepare
Registering precompiled user dll's ...
Registered in 0.001180 seconds.
Begin MonoManager ReloadAssembly
Native extension for Lumin target not found
Native extension for LinuxStandalone target not found
Native extension for WindowsStandalone target not found
Native extension for OSXStandalone target not found
Native extension for WebGL target not found
Refreshing native plugins compatible for Editor in 0.45 ms, found 1 plugins.
Preloading 0 native plugins for Editor in 0.00 ms.
Invoked RoslynAnalysisRunner static constructor.
RoslynAnalysisRunner will not be running.
RoslynAnalysisRunner has terminated.
Mono: successfully reloaded assembly
- Completed reload, in  1.092 seconds
Platform modules already initialized, skipping
Refreshing native plugins compatible for Editor in 0.50 ms, found 1 plugins.
Preloading 0 native plugins for Editor in 0.00 ms.
Unloading 2157 Unused Serialized files (Serialized files now loaded: 0)
System memory in use before: 101.2 MB.
System memory in use after: 101.1 MB.

Unloading 14 unused Assets to reduce memory usage. Loaded Objects now: 2678.
Total: 3.483800 ms (FindLiveObjects: 0.585900 ms CreateObjectMapping: 0.499300 ms MarkObjects: 2.230000 ms  DeleteObjects: 0.167300 ms)

AssetImportWorkerClient::OnTransportError - code=2 error=End of file
