Using pre-set license
Built from '2020.3/release' branch; Version is '2020.3.2f1 (8fd9074bf66c) revision 9427207'; Using compiler version '192528614'; Build Type 'Release'
OS: 'Windows 10 Education; OS build 19042.1052; Version 2009; 64bit' Language: 'en' Physical Memory: 16348 MB
BatchMode: 1, IsHumanControllingUs: 0, StartBugReporterOnCrash: 0, Is64bit: 1, IsPro: 0

 COMMAND LINE ARGUMENTS:
D:\Programs\Unity\2020.3.2f1\Editor\Unity.exe
-adb2
-batchMode
-noUpm
-name
AssetImportWorker0
-projectPath
D:/Unity Projects/senior project
-logFile
Logs/AssetImportWorker0.log
-srvPort
49457
Successfully changed project path to: D:/Unity Projects/senior project
D:/Unity Projects/senior project
Using Asset Import Pipeline V2.
Refreshing native plugins compatible for Editor in 81.43 ms, found 1 plugins.
Preloading 0 native plugins for Editor in 0.00 ms.
Initialize engine version: 2020.3.2f1 (8fd9074bf66c)
[Subsystems] Discovering subsystems at path D:/Programs/Unity/2020.3.2f1/Editor/Data/Resources/UnitySubsystems
[Subsystems] Discovering subsystems at path D:/Unity Projects/senior project/Assets
GfxDevice: creating device client; threaded=0
Direct3D:
    Version:  Direct3D 11.0 [level 11.1]
    Renderer: NVIDIA GeForce GTX 1060 6GB (ID=0x1c03)
    Vendor:   
    VRAM:     6052 MB
    Driver:   27.21.14.6611
Initialize mono
Mono path[0] = 'D:/Programs/Unity/2020.3.2f1/Editor/Data/Managed'
Mono path[1] = 'D:/Programs/Unity/2020.3.2f1/Editor/Data/MonoBleedingEdge/lib/mono/unityjit'
Mono config path = 'D:/Programs/Unity/2020.3.2f1/Editor/Data/MonoBleedingEdge/etc'
Using monoOptions --debugger-agent=transport=dt_socket,embedding=1,server=y,suspend=n,address=127.0.0.1:56608
Begin MonoManager ReloadAssembly
Registering precompiled unity dll's ...
Register platform support module: D:/Programs/Unity/2020.3.2f1/Editor/Data/PlaybackEngines/WebGLSupport/UnityEditor.WebGL.Extensions.dll
Register platform support module: D:/Programs/Unity/2020.3.2f1/Editor/Data/PlaybackEngines/MacStandaloneSupport/UnityEditor.OSXStandalone.Extensions.dll
Register platform support module: D:/Programs/Unity/2020.3.2f1/Editor/Data/PlaybackEngines/WindowsStandaloneSupport/UnityEditor.WindowsStandalone.Extensions.dll
Register platform support module: D:/Programs/Unity/2020.3.2f1/Editor/Data/PlaybackEngines/LinuxStandaloneSupport/UnityEditor.LinuxStandalone.Extensions.dll
Register platform support module: D:/Programs/Unity/2020.3.2f1/Editor/Data/PlaybackEngines/LuminSupport/UnityEditor.Lumin.Extensions.dll
Registered in 0.003174 seconds.
Native extension for Lumin target not found
Native extension for LinuxStandalone target not found
Native extension for WindowsStandalone target not found
Native extension for OSXStandalone target not found
Native extension for WebGL target not found
Refreshing native plugins compatible for Editor in 62.59 ms, found 1 plugins.
Preloading 0 native plugins for Editor in 0.00 ms.
Invoked RoslynAnalysisRunner static constructor.
RoslynAnalysisRunner will not be running.
RoslynAnalysisRunner has terminated.
Mono: successfully reloaded assembly
- Completed reload, in  1.353 seconds
Platform modules already initialized, skipping
Registering precompiled user dll's ...
Registered in 0.001528 seconds.
Begin MonoManager ReloadAssembly
Native extension for Lumin target not found
Native extension for LinuxStandalone target not found
Native extension for WindowsStandalone target not found
Native extension for OSXStandalone target not found
Native extension for WebGL target not found
Refreshing native plugins compatible for Editor in 48.43 ms, found 1 plugins.
Preloading 0 native plugins for Editor in 0.00 ms.
Invoked RoslynAnalysisRunner static constructor.
RoslynAnalysisRunner will not be running.
RoslynAnalysisRunner has terminated.
Mono: successfully reloaded assembly
- Completed reload, in  1.309 seconds
Platform modules already initialized, skipping
========================================================================
Worker process is ready to serve import requests
Launched and connected shader compiler UnityShaderCompiler.exe after 0.06 seconds
Refreshing native plugins compatible for Editor in 0.44 ms, found 1 plugins.
Preloading 0 native plugins for Editor in 0.00 ms.
Unloading 2177 Unused Serialized files (Serialized files now loaded: 0)
System memory in use before: 99.8 MB.
System memory in use after: 99.8 MB.

Unloading 26 unused Assets to reduce memory usage. Loaded Objects now: 2621.
Total: 3.099700 ms (FindLiveObjects: 0.892200 ms CreateObjectMapping: 0.148800 ms MarkObjects: 1.914700 ms  DeleteObjects: 0.142700 ms)

========================================================================
Received Import Request.
  path: Assets/Prefabs/Player (1).prefab
  artifactKey: Guid(7588f29f64400d84db59fc975e4d9901) Importer(815301076,1909f56bfc062723c751e8b465ee728b)
Start importing Assets/Prefabs/Player (1).prefab using Guid(7588f29f64400d84db59fc975e4d9901) Importer(815301076,1909f56bfc062723c751e8b465ee728b)  -> (artifact id: '05ec2e7689cf7b2b6ddb8b76102eb931') in 0.284523 seconds
  Import took 0.306343 seconds .

========================================================================
Received Prepare
Registering precompiled user dll's ...
Registered in 0.001097 seconds.
Begin MonoManager ReloadAssembly
Native extension for Lumin target not found
Native extension for LinuxStandalone target not found
Native extension for WindowsStandalone target not found
Native extension for OSXStandalone target not found
Native extension for WebGL target not found
Refreshing native plugins compatible for Editor in 0.43 ms, found 1 plugins.
Preloading 0 native plugins for Editor in 0.00 ms.
Invoked RoslynAnalysisRunner static constructor.
RoslynAnalysisRunner will not be running.
RoslynAnalysisRunner has terminated.
Mono: successfully reloaded assembly
- Completed reload, in  1.186 seconds
Platform modules already initialized, skipping
Refreshing native plugins compatible for Editor in 0.45 ms, found 1 plugins.
Preloading 0 native plugins for Editor in 0.00 ms.
Unloading 2153 Unused Serialized files (Serialized files now loaded: 0)
System memory in use before: 101.0 MB.
System memory in use after: 101.0 MB.

Unloading 14 unused Assets to reduce memory usage. Loaded Objects now: 2632.
Total: 2.291600 ms (FindLiveObjects: 0.274800 ms CreateObjectMapping: 0.135000 ms MarkObjects: 1.740400 ms  DeleteObjects: 0.139800 ms)

========================================================================
Received Import Request.
  Time since last request: 54.176574 seconds.
  path: Assets/Prefabs/Enemy2_modified.prefab
  artifactKey: Guid(82a8c5e7845229d4d8ca3db52b26bceb) Importer(815301076,1909f56bfc062723c751e8b465ee728b)
Start importing Assets/Prefabs/Enemy2_modified.prefab using Guid(82a8c5e7845229d4d8ca3db52b26bceb) Importer(815301076,1909f56bfc062723c751e8b465ee728b)  -> (artifact id: '2e9c28dbcd3e1617146d06bbb9607c6e') in 0.098052 seconds
  Import took 0.112756 seconds .

========================================================================
Received Prepare
Registering precompiled user dll's ...
Registered in 0.001164 seconds.
Begin MonoManager ReloadAssembly
Native extension for Lumin target not found
Native extension for LinuxStandalone target not found
Native extension for WindowsStandalone target not found
Native extension for OSXStandalone target not found
Native extension for WebGL target not found
Refreshing native plugins compatible for Editor in 0.50 ms, found 1 plugins.
Preloading 0 native plugins for Editor in 0.00 ms.
Invoked RoslynAnalysisRunner static constructor.
RoslynAnalysisRunner will not be running.
RoslynAnalysisRunner has terminated.
Mono: successfully reloaded assembly
- Completed reload, in  1.072 seconds
Platform modules already initialized, skipping
Refreshing native plugins compatible for Editor in 0.42 ms, found 1 plugins.
Preloading 0 native plugins for Editor in 0.00 ms.
Unloading 2153 Unused Serialized files (Serialized files now loaded: 0)
System memory in use before: 101.1 MB.
System memory in use after: 101.1 MB.

Unloading 14 unused Assets to reduce memory usage. Loaded Objects now: 2637.
Total: 2.087100 ms (FindLiveObjects: 0.232300 ms CreateObjectMapping: 0.109800 ms MarkObjects: 1.605400 ms  DeleteObjects: 0.138800 ms)

========================================================================
Received Prepare
Registering precompiled user dll's ...
Registered in 0.001258 seconds.
Begin MonoManager ReloadAssembly
Native extension for Lumin target not found
Native extension for LinuxStandalone target not found
Native extension for WindowsStandalone target not found
Native extension for OSXStandalone target not found
Native extension for WebGL target not found
Refreshing native plugins compatible for Editor in 0.44 ms, found 1 plugins.
Preloading 0 native plugins for Editor in 0.00 ms.
Invoked RoslynAnalysisRunner static constructor.
RoslynAnalysisRunner will not be running.
RoslynAnalysisRunner has terminated.
Mono: successfully reloaded assembly
- Completed reload, in  1.411 seconds
Platform modules already initialized, skipping
Refreshing native plugins compatible for Editor in 0.51 ms, found 1 plugins.
Preloading 0 native plugins for Editor in 0.00 ms.
Unloading 2153 Unused Serialized files (Serialized files now loaded: 0)
System memory in use before: 101.2 MB.
System memory in use after: 101.2 MB.

Unloading 14 unused Assets to reduce memory usage. Loaded Objects now: 2641.
Total: 2.292400 ms (FindLiveObjects: 0.255300 ms CreateObjectMapping: 0.100700 ms MarkObjects: 1.791600 ms  DeleteObjects: 0.143600 ms)

========================================================================
Received Prepare
Registering precompiled user dll's ...
Registered in 0.001160 seconds.
Begin MonoManager ReloadAssembly
Native extension for Lumin target not found
Native extension for LinuxStandalone target not found
Native extension for WindowsStandalone target not found
Native extension for OSXStandalone target not found
Native extension for WebGL target not found
Refreshing native plugins compatible for Editor in 0.45 ms, found 1 plugins.
Preloading 0 native plugins for Editor in 0.00 ms.
Invoked RoslynAnalysisRunner static constructor.
RoslynAnalysisRunner will not be running.
RoslynAnalysisRunner has terminated.
Mono: successfully reloaded assembly
- Completed reload, in  1.046 seconds
Platform modules already initialized, skipping
Refreshing native plugins compatible for Editor in 0.47 ms, found 1 plugins.
Preloading 0 native plugins for Editor in 0.00 ms.
Unloading 2153 Unused Serialized files (Serialized files now loaded: 0)
System memory in use before: 101.2 MB.
System memory in use after: 101.2 MB.

Unloading 14 unused Assets to reduce memory usage. Loaded Objects now: 2645.
Total: 2.328100 ms (FindLiveObjects: 0.191300 ms CreateObjectMapping: 0.080100 ms MarkObjects: 1.935000 ms  DeleteObjects: 0.120400 ms)

========================================================================
Received Prepare
Registering precompiled user dll's ...
Registered in 0.001437 seconds.
Begin MonoManager ReloadAssembly
Native extension for Lumin target not found
Native extension for LinuxStandalone target not found
Native extension for WindowsStandalone target not found
Native extension for OSXStandalone target not found
Native extension for WebGL target not found
Refreshing native plugins compatible for Editor in 0.43 ms, found 1 plugins.
Preloading 0 native plugins for Editor in 0.00 ms.
Invoked RoslynAnalysisRunner static constructor.
RoslynAnalysisRunner will not be running.
RoslynAnalysisRunner has terminated.
Mono: successfully reloaded assembly
- Completed reload, in  1.068 seconds
Platform modules already initialized, skipping
Refreshing native plugins compatible for Editor in 0.43 ms, found 1 plugins.
Preloading 0 native plugins for Editor in 0.00 ms.
Unloading 2153 Unused Serialized files (Serialized files now loaded: 0)
System memory in use before: 101.2 MB.
System memory in use after: 101.2 MB.

Unloading 14 unused Assets to reduce memory usage. Loaded Objects now: 2649.
Total: 3.244100 ms (FindLiveObjects: 0.337800 ms CreateObjectMapping: 0.121500 ms MarkObjects: 2.543100 ms  DeleteObjects: 0.239900 ms)

========================================================================
Received Prepare
Registering precompiled user dll's ...
Registered in 0.001454 seconds.
Begin MonoManager ReloadAssembly
Native extension for Lumin target not found
Native extension for LinuxStandalone target not found
Native extension for WindowsStandalone target not found
Native extension for OSXStandalone target not found
Native extension for WebGL target not found
Refreshing native plugins compatible for Editor in 0.60 ms, found 1 plugins.
Preloading 0 native plugins for Editor in 0.00 ms.
Invoked RoslynAnalysisRunner static constructor.
RoslynAnalysisRunner will not be running.
RoslynAnalysisRunner has terminated.
Mono: successfully reloaded assembly
- Completed reload, in  1.160 seconds
Platform modules already initialized, skipping
Refreshing native plugins compatible for Editor in 0.45 ms, found 1 plugins.
Preloading 0 native plugins for Editor in 0.00 ms.
Unloading 2153 Unused Serialized files (Serialized files now loaded: 0)
System memory in use before: 101.2 MB.
System memory in use after: 101.2 MB.

Unloading 14 unused Assets to reduce memory usage. Loaded Objects now: 2653.
Total: 2.132100 ms (FindLiveObjects: 0.275900 ms CreateObjectMapping: 0.105200 ms MarkObjects: 1.608200 ms  DeleteObjects: 0.141500 ms)

========================================================================
Received Import Request.
  Time since last request: 770.356270 seconds.
  path: Assets/Prefabs/Enemy_modified 1.prefab
  artifactKey: Guid(aa69bfb67fae4a147bef6cdaec52f159) Importer(815301076,1909f56bfc062723c751e8b465ee728b)
Start importing Assets/Prefabs/Enemy_modified 1.prefab using Guid(aa69bfb67fae4a147bef6cdaec52f159) Importer(815301076,1909f56bfc062723c751e8b465ee728b)  -> (artifact id: '4e442bd759f8c5fe54e42cf1b747db86') in 0.079969 seconds
  Import took 0.101084 seconds .

========================================================================
Received Import Request.
  Time since last request: 0.000284 seconds.
  path: Assets/Prefabs/Enemy_modified.prefab
  artifactKey: Guid(f9b552eb7b0b75848806cb2655869139) Importer(815301076,1909f56bfc062723c751e8b465ee728b)
Start importing Assets/Prefabs/Enemy_modified.prefab using Guid(f9b552eb7b0b75848806cb2655869139) Importer(815301076,1909f56bfc062723c751e8b465ee728b)  -> (artifact id: '5a7e529a136092e5fab71818df8380d8') in 0.031224 seconds
  Import took 0.045294 seconds .

========================================================================
Received Import Request.
  Time since last request: 8.536737 seconds.
  path: Assets/Prefabs/Battery.prefab
  artifactKey: Guid(0beef06b50108fa40bf88c0b5994b857) Importer(815301076,1909f56bfc062723c751e8b465ee728b)
Start importing Assets/Prefabs/Battery.prefab using Guid(0beef06b50108fa40bf88c0b5994b857) Importer(815301076,1909f56bfc062723c751e8b465ee728b)  -> (artifact id: '73a19cff65c6738649e7b6406f0b32ab') in 0.024287 seconds
  Import took 0.044888 seconds .

========================================================================
Received Import Request.
  Time since last request: 16.000462 seconds.
  path: Assets/Prefabs/Enemy_modified.prefab
  artifactKey: Guid(f9b552eb7b0b75848806cb2655869139) Importer(815301076,1909f56bfc062723c751e8b465ee728b)
Start importing Assets/Prefabs/Enemy_modified.prefab using Guid(f9b552eb7b0b75848806cb2655869139) Importer(815301076,1909f56bfc062723c751e8b465ee728b)  -> (artifact id: 'd17b8cf90135160316204e38a53b45f1') in 0.018452 seconds
  Import took 0.032005 seconds .

========================================================================
Received Import Request.
  Time since last request: 4.594652 seconds.
  path: Assets/Prefabs/Enemy_modified 1.prefab
  artifactKey: Guid(aa69bfb67fae4a147bef6cdaec52f159) Importer(815301076,1909f56bfc062723c751e8b465ee728b)
Start importing Assets/Prefabs/Enemy_modified 1.prefab using Guid(aa69bfb67fae4a147bef6cdaec52f159) Importer(815301076,1909f56bfc062723c751e8b465ee728b)  -> (artifact id: '0303a9f1a78400482f80036ac0c0d68e') in 0.016636 seconds
  Import took 0.029437 seconds .

========================================================================
Received Import Request.
  Time since last request: 0.003469 seconds.
  path: Assets/Prefabs/Enemy_modified 1.prefab
  artifactKey: Guid(aa69bfb67fae4a147bef6cdaec52f159) Importer(815301076,1909f56bfc062723c751e8b465ee728b)
Start importing Assets/Prefabs/Enemy_modified 1.prefab using Guid(aa69bfb67fae4a147bef6cdaec52f159) Importer(815301076,1909f56bfc062723c751e8b465ee728b)  -> (artifact id: '0303a9f1a78400482f80036ac0c0d68e') in 0.035534 seconds
  Import took 0.045618 seconds .

========================================================================
Received Import Request.
  Time since last request: 2.553773 seconds.
  path: Assets/Prefabs/Enemy2_modified.prefab
  artifactKey: Guid(82a8c5e7845229d4d8ca3db52b26bceb) Importer(815301076,1909f56bfc062723c751e8b465ee728b)
Start importing Assets/Prefabs/Enemy2_modified.prefab using Guid(82a8c5e7845229d4d8ca3db52b26bceb) Importer(815301076,1909f56bfc062723c751e8b465ee728b)  -> (artifact id: '14277710b05ffa875d19491adab7faca') in 0.019022 seconds
  Import took 0.024799 seconds .

========================================================================
Received Prepare
Registering precompiled user dll's ...
Registered in 0.001293 seconds.
Begin MonoManager ReloadAssembly
Native extension for Lumin target not found
Native extension for LinuxStandalone target not found
Native extension for WindowsStandalone target not found
Native extension for OSXStandalone target not found
Native extension for WebGL target not found
Refreshing native plugins compatible for Editor in 0.69 ms, found 1 plugins.
Preloading 0 native plugins for Editor in 0.00 ms.
Invoked RoslynAnalysisRunner static constructor.
RoslynAnalysisRunner will not be running.
RoslynAnalysisRunner has terminated.
Mono: successfully reloaded assembly
- Completed reload, in  0.958 seconds
Platform modules already initialized, skipping
Refreshing native plugins compatible for Editor in 0.43 ms, found 1 plugins.
Preloading 0 native plugins for Editor in 0.00 ms.
Unloading 2153 Unused Serialized files (Serialized files now loaded: 0)
System memory in use before: 101.3 MB.
System memory in use after: 101.2 MB.

Unloading 14 unused Assets to reduce memory usage. Loaded Objects now: 2658.
Total: 2.766600 ms (FindLiveObjects: 0.345200 ms CreateObjectMapping: 0.148800 ms MarkObjects: 2.152100 ms  DeleteObjects: 0.119300 ms)

========================================================================
Received Prepare
Registering precompiled user dll's ...
Registered in 0.001147 seconds.
Begin MonoManager ReloadAssembly
Native extension for Lumin target not found
Native extension for LinuxStandalone target not found
Native extension for WindowsStandalone target not found
Native extension for OSXStandalone target not found
Native extension for WebGL target not found
Refreshing native plugins compatible for Editor in 0.45 ms, found 1 plugins.
Preloading 0 native plugins for Editor in 0.00 ms.
Invoked RoslynAnalysisRunner static constructor.
RoslynAnalysisRunner will not be running.
RoslynAnalysisRunner has terminated.
Mono: successfully reloaded assembly
- Completed reload, in  1.009 seconds
Platform modules already initialized, skipping
Refreshing native plugins compatible for Editor in 0.53 ms, found 1 plugins.
Preloading 0 native plugins for Editor in 0.00 ms.
Unloading 2153 Unused Serialized files (Serialized files now loaded: 0)
System memory in use before: 101.3 MB.
System memory in use after: 101.2 MB.

Unloading 14 unused Assets to reduce memory usage. Loaded Objects now: 2662.
Total: 2.806800 ms (FindLiveObjects: 0.232600 ms CreateObjectMapping: 0.108100 ms MarkObjects: 2.233100 ms  DeleteObjects: 0.231500 ms)

========================================================================
Received Prepare
Registering precompiled user dll's ...
Registered in 0.001200 seconds.
Begin MonoManager ReloadAssembly
Native extension for Lumin target not found
Native extension for LinuxStandalone target not found
Native extension for WindowsStandalone target not found
Native extension for OSXStandalone target not found
Native extension for WebGL target not found
Refreshing native plugins compatible for Editor in 0.45 ms, found 1 plugins.
Preloading 0 native plugins for Editor in 0.00 ms.
Invoked RoslynAnalysisRunner static constructor.
RoslynAnalysisRunner will not be running.
RoslynAnalysisRunner has terminated.
Mono: successfully reloaded assembly
- Completed reload, in  1.014 seconds
Platform modules already initialized, skipping
Refreshing native plugins compatible for Editor in 0.43 ms, found 1 plugins.
Preloading 0 native plugins for Editor in 0.00 ms.
Unloading 2153 Unused Serialized files (Serialized files now loaded: 0)
System memory in use before: 101.3 MB.
System memory in use after: 101.3 MB.

Unloading 14 unused Assets to reduce memory usage. Loaded Objects now: 2666.
Total: 2.022400 ms (FindLiveObjects: 0.191200 ms CreateObjectMapping: 0.078700 ms MarkObjects: 1.630800 ms  DeleteObjects: 0.120500 ms)

========================================================================
Received Prepare
Registering precompiled user dll's ...
Registered in 0.001197 seconds.
Begin MonoManager ReloadAssembly
Native extension for Lumin target not found
Native extension for LinuxStandalone target not found
Native extension for WindowsStandalone target not found
Native extension for OSXStandalone target not found
Native extension for WebGL target not found
Refreshing native plugins compatible for Editor in 0.59 ms, found 1 plugins.
Preloading 0 native plugins for Editor in 0.00 ms.
Invoked RoslynAnalysisRunner static constructor.
RoslynAnalysisRunner will not be running.
RoslynAnalysisRunner has terminated.
Mono: successfully reloaded assembly
- Completed reload, in  1.261 seconds
Platform modules already initialized, skipping
Refreshing native plugins compatible for Editor in 0.47 ms, found 1 plugins.
Preloading 0 native plugins for Editor in 0.00 ms.
Unloading 2153 Unused Serialized files (Serialized files now loaded: 0)
System memory in use before: 101.3 MB.
System memory in use after: 101.3 MB.

Unloading 14 unused Assets to reduce memory usage. Loaded Objects now: 2670.
Total: 2.072500 ms (FindLiveObjects: 0.244400 ms CreateObjectMapping: 0.096000 ms MarkObjects: 1.573800 ms  DeleteObjects: 0.144600 ms)

========================================================================
Received Prepare
Registering precompiled user dll's ...
Registered in 0.006903 seconds.
Begin MonoManager ReloadAssembly
Native extension for Lumin target not found
Native extension for LinuxStandalone target not found
Native extension for WindowsStandalone target not found
Native extension for OSXStandalone target not found
Native extension for WebGL target not found
Refreshing native plugins compatible for Editor in 0.43 ms, found 1 plugins.
Preloading 0 native plugins for Editor in 0.00 ms.
Invoked RoslynAnalysisRunner static constructor.
RoslynAnalysisRunner will not be running.
RoslynAnalysisRunner has terminated.
Mono: successfully reloaded assembly
- Completed reload, in  1.031 seconds
Platform modules already initialized, skipping
Refreshing native plugins compatible for Editor in 0.43 ms, found 1 plugins.
Preloading 0 native plugins for Editor in 0.00 ms.
Unloading 2153 Unused Serialized files (Serialized files now loaded: 0)
System memory in use before: 101.3 MB.
System memory in use after: 101.2 MB.

Unloading 14 unused Assets to reduce memory usage. Loaded Objects now: 2674.
Total: 2.278600 ms (FindLiveObjects: 0.225200 ms CreateObjectMapping: 0.090600 ms MarkObjects: 1.809900 ms  DeleteObjects: 0.151700 ms)

========================================================================
Received Prepare
Registering precompiled user dll's ...
Registered in 0.001147 seconds.
Begin MonoManager ReloadAssembly
Native extension for Lumin target not found
Native extension for LinuxStandalone target not found
Native extension for WindowsStandalone target not found
Native extension for OSXStandalone target not found
Native extension for WebGL target not found
Refreshing native plugins compatible for Editor in 0.72 ms, found 1 plugins.
Preloading 0 native plugins for Editor in 0.00 ms.
Invoked RoslynAnalysisRunner static constructor.
RoslynAnalysisRunner will not be running.
RoslynAnalysisRunner has terminated.
Mono: successfully reloaded assembly
- Completed reload, in  1.284 seconds
Platform modules already initialized, skipping
Refreshing native plugins compatible for Editor in 0.46 ms, found 1 plugins.
Preloading 0 native plugins for Editor in 0.00 ms.
Unloading 2153 Unused Serialized files (Serialized files now loaded: 0)
System memory in use before: 101.3 MB.
System memory in use after: 101.3 MB.

Unloading 14 unused Assets to reduce memory usage. Loaded Objects now: 2678.
Total: 3.096700 ms (FindLiveObjects: 0.223300 ms CreateObjectMapping: 0.094900 ms MarkObjects: 2.630500 ms  DeleteObjects: 0.146100 ms)

========================================================================
Received Prepare
Registering precompiled user dll's ...
Registered in 0.001310 seconds.
Begin MonoManager ReloadAssembly
Native extension for Lumin target not found
Native extension for LinuxStandalone target not found
Native extension for WindowsStandalone target not found
Native extension for OSXStandalone target not found
Native extension for WebGL target not found
Refreshing native plugins compatible for Editor in 0.53 ms, found 1 plugins.
Preloading 0 native plugins for Editor in 0.00 ms.
Invoked RoslynAnalysisRunner static constructor.
RoslynAnalysisRunner will not be running.
RoslynAnalysisRunner has terminated.
Mono: successfully reloaded assembly
- Completed reload, in  1.029 seconds
Platform modules already initialized, skipping
Refreshing native plugins compatible for Editor in 0.53 ms, found 1 plugins.
Preloading 0 native plugins for Editor in 0.00 ms.
Unloading 2153 Unused Serialized files (Serialized files now loaded: 0)
System memory in use before: 101.3 MB.
System memory in use after: 101.3 MB.

Unloading 14 unused Assets to reduce memory usage. Loaded Objects now: 2682.
Total: 4.636800 ms (FindLiveObjects: 0.269100 ms CreateObjectMapping: 0.128500 ms MarkObjects: 4.113100 ms  DeleteObjects: 0.123700 ms)

========================================================================
Received Prepare
Registering precompiled user dll's ...
Registered in 0.002279 seconds.
Begin MonoManager ReloadAssembly
Native extension for Lumin target not found
Native extension for LinuxStandalone target not found
Native extension for WindowsStandalone target not found
Native extension for OSXStandalone target not found
Native extension for WebGL target not found
Refreshing native plugins compatible for Editor in 0.66 ms, found 1 plugins.
Preloading 0 native plugins for Editor in 0.00 ms.
Invoked RoslynAnalysisRunner static constructor.
RoslynAnalysisRunner will not be running.
RoslynAnalysisRunner has terminated.
Mono: successfully reloaded assembly
- Completed reload, in  1.051 seconds
Platform modules already initialized, skipping
Refreshing native plugins compatible for Editor in 0.48 ms, found 1 plugins.
Preloading 0 native plugins for Editor in 0.00 ms.
Unloading 2153 Unused Serialized files (Serialized files now loaded: 0)
System memory in use before: 101.3 MB.
System memory in use after: 101.3 MB.

Unloading 14 unused Assets to reduce memory usage. Loaded Objects now: 2686.
Total: 2.250300 ms (FindLiveObjects: 0.193100 ms CreateObjectMapping: 0.084200 ms MarkObjects: 1.830900 ms  DeleteObjects: 0.141200 ms)

========================================================================
Received Import Request.
  Time since last request: 1284.600539 seconds.
  path: Assets/Prefabs/Battery.prefab
  artifactKey: Guid(0beef06b50108fa40bf88c0b5994b857) Importer(815301076,1909f56bfc062723c751e8b465ee728b)
Start importing Assets/Prefabs/Battery.prefab using Guid(0beef06b50108fa40bf88c0b5994b857) Importer(815301076,1909f56bfc062723c751e8b465ee728b)  -> (artifact id: 'b20d38121bf24516e33ac1230e190665') in 0.155601 seconds
  Import took 0.166827 seconds .

========================================================================
Received Import Request.
  Time since last request: 46.857213 seconds.
  path: Assets/Prefabs/Canvas.prefab
  artifactKey: Guid(62e46805040bb494d951160f43208e2f) Importer(815301076,1909f56bfc062723c751e8b465ee728b)
Start importing Assets/Prefabs/Canvas.prefab using Guid(62e46805040bb494d951160f43208e2f) Importer(815301076,1909f56bfc062723c751e8b465ee728b)  -> (artifact id: 'e05a114912f3f09ee6c58321f5b8231b') in 0.059485 seconds
  Import took 0.075256 seconds .

